<?xml version="1.0" encoding="UTF-8"?>
<!-- Generated by org.testng.reporters.JUnitReportReporter -->
<testsuite hostname="anik" name="tests.BuyDressTest" tests="1" failures="0" timestamp="8 Aug 2017 22:06:45 GMT" time="32.614" errors="0">
  <testcase name="buyDress" time="32.614" classname="tests.BuyDressTest"/>
</testsuite> <!-- tests.BuyDressTest -->
