<?xml version="1.0" encoding="UTF-8"?>
<!-- Generated by org.testng.reporters.JUnitReportReporter -->
<testsuite name="myTests.ReCapthaFrameTest" tests="1" time="25.880" ignored="0" failures="0" timestamp="14 Mar 2017 19:41:40 GMT" skipped="0" hostname="anik" errors="0">
  <testcase name="spaFinderLoginCaptha" time="25.880" classname="myTests.ReCapthaFrameTest"/>
</testsuite> <!-- myTests.ReCapthaFrameTest -->
