<?xml version="1.0" encoding="UTF-8"?>
<!-- Generated by org.testng.reporters.JUnitReportReporter -->
<testsuite name="tests.SignUp" tests="1" time="18.824" ignored="0" failures="0" timestamp="04 Aug 2017 07:43:45 GMT" skipped="0" hostname="anik" errors="0">
  <testcase name="signUpLS" time="18.824" classname="tests.SignUp"/>
</testsuite> <!-- tests.SignUp -->
