<?xml version="1.0" encoding="UTF-8"?>
<!-- Generated by org.testng.reporters.JUnitReportReporter -->
<testsuite name="myTests.LogInTest" tests="1" time="17.990" ignored="0" failures="0" timestamp="10 Mar 2017 08:04:59 GMT" skipped="0" hostname="anik" errors="0">
  <testcase name="faceBookLogin" time="17.990" classname="myTests.LogInTest"/>
</testsuite> <!-- myTests.LogInTest -->
