<?xml version="1.0" encoding="UTF-8"?>
<!-- Generated by org.testng.reporters.JUnitReportReporter -->
<testsuite hostname="anik" name="myTests.WriteIntoExcel" tests="1" failures="0" timestamp="16 Mar 2017 06:03:42 GMT" time="11.515" errors="0">
  <testcase name="testWriteintoXL" time="11.515" classname="myTests.WriteIntoExcel"/>
</testsuite> <!-- myTests.WriteIntoExcel -->
