<?xml version="1.0" encoding="UTF-8"?>
<!-- Generated by org.testng.reporters.JUnitReportReporter -->
<testsuite name="myTests.SignUpLivingSocial" tests="1" time="26.203" ignored="0" failures="0" timestamp="17 Mar 2017 07:51:59 GMT" skipped="0" hostname="anik" errors="0">
  <testcase name="signUpLS" time="26.203" classname="myTests.SignUpLivingSocial"/>
</testsuite> <!-- myTests.SignUpLivingSocial -->
