<?xml version="1.0" encoding="UTF-8"?>
<!-- Generated by org.testng.reporters.JUnitReportReporter -->
<testsuite hostname="DESKTOP-IMBF9OD" name="tests.TestContactUs" tests="2" failures="0" timestamp="13 Mar 2018 05:44:24 GMT" time="23.166" errors="0">
  <testcase name="contactUsNegitiveTest" time="11.090" classname="tests.TestContactUs"/>
  <testcase name="contactUsPositiveTest" time="12.076" classname="tests.TestContactUs"/>
</testsuite> <!-- tests.TestContactUs -->
