<?xml version="1.0" encoding="UTF-8"?>
<!-- Generated by org.testng.reporters.JUnitReportReporter -->
<testsuite hostname="anik" name="myTests.log4jTesting" tests="1" failures="0" timestamp="19 Feb 2017 20:50:31 GMT" time="5.188" errors="0">
  <testcase name="test" time="5.188" classname="myTests.log4jTesting"/>
</testsuite> <!-- myTests.log4jTesting -->
