<?xml version="1.0" encoding="UTF-8"?>
<!-- Generated by org.testng.reporters.JUnitReportReporter -->
<testsuite hostname="anik" name="tests.SignUpAutomation" tests="1" failures="0" timestamp="4 Aug 2017 07:37:50 GMT" time="19.651" errors="0">
  <testcase name="signUpLS" time="19.651" classname="tests.SignUpAutomation"/>
</testsuite> <!-- tests.SignUpAutomation -->
