<?xml version="1.0" encoding="UTF-8"?>
<!-- Generated by org.testng.reporters.JUnitReportReporter -->
<testsuite name="tests.SignUpLivingSocial" tests="1" time="78.344" ignored="0" failures="0" timestamp="04 Aug 2017 07:12:34 GMT" skipped="0" hostname="anik" errors="0">
  <testcase name="signUpLS" time="78.344" classname="tests.SignUpLivingSocial"/>
</testsuite> <!-- tests.SignUpLivingSocial -->
