<?xml version="1.0" encoding="UTF-8"?>
<!-- Generated by org.testng.reporters.JUnitReportReporter -->
<testsuite hostname="anik" name="myTests.ReadingFromExcel" tests="1" failures="0" timestamp="16 Mar 2017 06:03:42 GMT" time="15.740" errors="0">
  <testcase name="readingFromExcelTest" time="15.740" classname="myTests.ReadingFromExcel"/>
</testsuite> <!-- myTests.ReadingFromExcel -->
